# JRE version: OpenJDK Runtime Environment (21.0.5) (build 21.0.5+-13047016-b750.29)
# Java VM: OpenJDK 64-Bit Server VM (21.0.5+-13047016-b750.29, mixed mode, tiered, compressed oops, compressed class ptrs, g1 gc, windows-amd64)
GC Precious Log:
 CardTable entry size: 512
 Card Set container configuration: InlinePtr #cards 5 size 8 Array Of Cards #cards 12 size 40 Howl #buckets 4 coarsen threshold 1843 Howl Bitmap #cards 512 size 80 coarsen threshold 460 Card regions per heap region 1 cards per card region 2048
 CPUs: 4 total, 4 available
 Memory: 7991M
 Large Page Support: Disabled
 NUMA Support: Disabled
 Compressed Oops: Enabled (32-bit)
 Heap Region Size: 1M
 Heap Min Capacity: 8M
 Heap Initial Capacity: 126M
 Heap Max Capacity: 1536M
 Pre-touch: Disabled
 Parallel Workers: 4
 Concurrent Workers: 1
 Concurrent Refinement Workers: 4
 Periodic GC: Disabled
Heap:
 garbage-first heap   total 206848K, used 186967K [0x00000000a0000000, 0x0000000100000000)
  region size 1024K, 60 young (61440K), 3 survivors (3072K)
 Metaspace       used 104287K, committed 106496K, reserved 1179648K
  class space    used 14219K, committed 15360K, reserved 1048576K
GC Heap History (20 events):
Event: 10.244 GC heap before
{Heap before GC invocations=26 (full 0):
 garbage-first heap   total 152576K, used 134212K [0x00000000a0000000, 0x0000000100000000)
  region size 1024K, 56 young (57344K), 8 survivors (8192K)
 Metaspace       used 73135K, committed 74944K, reserved 1114112K
  class space    used 9921K, committed 10816K, reserved 1048576K
}
Event: 10.255 GC heap after
{Heap after GC invocations=27 (full 0):
 garbage-first heap   total 152576K, used 86599K [0x00000000a0000000, 0x0000000100000000)
  region size 1024K, 4 young (4096K), 4 survivors (4096K)
 Metaspace       used 73135K, committed 74944K, reserved 1114112K
  class space    used 9921K, committed 10816K, reserved 1048576K
}
Event: 10.510 GC heap before
{Heap before GC invocations=27 (full 0):
 garbage-first heap   total 152576K, used 137799K [0x00000000a0000000, 0x0000000100000000)
  region size 1024K, 55 young (56320K), 4 survivors (4096K)
 Metaspace       used 73152K, committed 74944K, reserved 1114112K
  class space    used 9921K, committed 10816K, reserved 1048576K
}
Event: 10.515 GC heap after
{Heap after GC invocations=28 (full 0):
 garbage-first heap   total 152576K, used 87338K [0x00000000a0000000, 0x0000000100000000)
  region size 1024K, 5 young (5120K), 5 survivors (5120K)
 Metaspace       used 73152K, committed 74944K, reserved 1114112K
  class space    used 9921K, committed 10816K, reserved 1048576K
}
Event: 10.874 GC heap before
{Heap before GC invocations=29 (full 0):
 garbage-first heap   total 152576K, used 150826K [0x00000000a0000000, 0x0000000100000000)
  region size 1024K, 54 young (55296K), 5 survivors (5120K)
 Metaspace       used 74388K, committed 76224K, reserved 1179648K
  class space    used 10075K, committed 10944K, reserved 1048576K
}
Event: 10.881 GC heap after
{Heap after GC invocations=30 (full 0):
 garbage-first heap   total 165888K, used 109450K [0x00000000a0000000, 0x0000000100000000)
  region size 1024K, 7 young (7168K), 7 survivors (7168K)
 Metaspace       used 74388K, committed 76224K, reserved 1179648K
  class space    used 10075K, committed 10944K, reserved 1048576K
}
Event: 11.232 GC heap before
{Heap before GC invocations=30 (full 0):
 garbage-first heap   total 165888K, used 149386K [0x00000000a0000000, 0x0000000100000000)
  region size 1024K, 46 young (47104K), 7 survivors (7168K)
 Metaspace       used 78017K, committed 79872K, reserved 1179648K
  class space    used 10467K, committed 11392K, reserved 1048576K
}
Event: 11.238 GC heap after
{Heap after GC invocations=31 (full 0):
 garbage-first heap   total 165888K, used 108813K [0x00000000a0000000, 0x0000000100000000)
  region size 1024K, 2 young (2048K), 2 survivors (2048K)
 Metaspace       used 78017K, committed 79872K, reserved 1179648K
  class space    used 10467K, committed 11392K, reserved 1048576K
}
Event: 11.770 GC heap before
{Heap before GC invocations=31 (full 0):
 garbage-first heap   total 165888K, used 147725K [0x00000000a0000000, 0x0000000100000000)
  region size 1024K, 41 young (41984K), 2 survivors (2048K)
 Metaspace       used 82809K, committed 84800K, reserved 1179648K
  class space    used 11141K, committed 12096K, reserved 1048576K
}
Event: 11.774 GC heap after
{Heap after GC invocations=32 (full 0):
 garbage-first heap   total 165888K, used 111669K [0x00000000a0000000, 0x0000000100000000)
  region size 1024K, 4 young (4096K), 4 survivors (4096K)
 Metaspace       used 82809K, committed 84800K, reserved 1179648K
  class space    used 11141K, committed 12096K, reserved 1048576K
}
Event: 12.217 GC heap before
{Heap before GC invocations=33 (full 0):
 garbage-first heap   total 196608K, used 154677K [0x00000000a0000000, 0x0000000100000000)
  region size 1024K, 41 young (41984K), 4 survivors (4096K)
 Metaspace       used 84747K, committed 86720K, reserved 1179648K
  class space    used 11413K, committed 12416K, reserved 1048576K
}
Event: 12.225 GC heap after
{Heap after GC invocations=34 (full 0):
 garbage-first heap   total 196608K, used 115802K [0x00000000a0000000, 0x0000000100000000)
  region size 1024K, 6 young (6144K), 6 survivors (6144K)
 Metaspace       used 84747K, committed 86720K, reserved 1179648K
  class space    used 11413K, committed 12416K, reserved 1048576K
}
Event: 12.839 GC heap before
{Heap before GC invocations=34 (full 0):
 garbage-first heap   total 196608K, used 170074K [0x00000000a0000000, 0x0000000100000000)
  region size 1024K, 59 young (60416K), 6 survivors (6144K)
 Metaspace       used 90046K, committed 92032K, reserved 1179648K
  class space    used 12081K, committed 13120K, reserved 1048576K
}
Event: 12.849 GC heap after
{Heap after GC invocations=35 (full 0):
 garbage-first heap   total 196608K, used 118046K [0x00000000a0000000, 0x0000000100000000)
  region size 1024K, 3 young (3072K), 3 survivors (3072K)
 Metaspace       used 90046K, committed 92032K, reserved 1179648K
  class space    used 12081K, committed 13120K, reserved 1048576K
}
Event: 13.340 GC heap before
{Heap before GC invocations=35 (full 0):
 garbage-first heap   total 196608K, used 162078K [0x00000000a0000000, 0x0000000100000000)
  region size 1024K, 47 young (48128K), 3 survivors (3072K)
 Metaspace       used 93465K, committed 95488K, reserved 1179648K
  class space    used 12539K, committed 13568K, reserved 1048576K
}
Event: 13.345 GC heap after
{Heap after GC invocations=36 (full 0):
 garbage-first heap   total 196608K, used 119646K [0x00000000a0000000, 0x0000000100000000)
  region size 1024K, 5 young (5120K), 5 survivors (5120K)
 Metaspace       used 93465K, committed 95488K, reserved 1179648K
  class space    used 12539K, committed 13568K, reserved 1048576K
}
Event: 14.475 GC heap before
{Heap before GC invocations=37 (full 0):
 garbage-first heap   total 206848K, used 179038K [0x00000000a0000000, 0x0000000100000000)
  region size 1024K, 60 young (61440K), 5 survivors (5120K)
 Metaspace       used 95656K, committed 97728K, reserved 1179648K
  class space    used 12846K, committed 13888K, reserved 1048576K
}
Event: 14.485 GC heap after
{Heap after GC invocations=38 (full 0):
 garbage-first heap   total 206848K, used 128039K [0x00000000a0000000, 0x0000000100000000)
  region size 1024K, 7 young (7168K), 7 survivors (7168K)
 Metaspace       used 95656K, committed 97728K, reserved 1179648K
  class space    used 12846K, committed 13888K, reserved 1048576K
}
Event: 15.240 GC heap before
{Heap before GC invocations=38 (full 0):
 garbage-first heap   total 206848K, used 185383K [0x00000000a0000000, 0x0000000100000000)
  region size 1024K, 63 young (64512K), 7 survivors (7168K)
 Metaspace       used 100021K, committed 102144K, reserved 1179648K
  class space    used 13532K, committed 14592K, reserved 1048576K
}
Event: 15.251 GC heap after
{Heap after GC invocations=39 (full 0):
 garbage-first heap   total 206848K, used 129623K [0x00000000a0000000, 0x0000000100000000)
  region size 1024K, 3 young (3072K), 3 survivors (3072K)
 Metaspace       used 100021K, committed 102144K, reserved 1179648K
  class space    used 13532K, committed 14592K, reserved 1048576K
}

