# JRE version: OpenJDK Runtime Environment (21.0.5) (build 21.0.5+-13047016-b750.29)
# Java VM: OpenJDK 64-Bit Server VM (21.0.5+-13047016-b750.29, mixed mode, tiered, compressed oops, compressed class ptrs, g1 gc, windows-amd64)
GC Precious Log:
 CardTable entry size: 512
 Card Set container configuration: InlinePtr #cards 5 size 8 Array Of Cards #cards 12 size 40 Howl #buckets 4 coarsen threshold 1843 Howl Bitmap #cards 512 size 80 coarsen threshold 460 Card regions per heap region 1 cards per card region 2048
 CPUs: 4 total, 4 available
 Memory: 7991M
 Large Page Support: Disabled
 NUMA Support: Disabled
 Compressed Oops: Enabled (32-bit)
 Heap Region Size: 1M
 Heap Min Capacity: 8M
 Heap Initial Capacity: 126M
 Heap Max Capacity: 1536M
 Pre-touch: Disabled
 Parallel Workers: 4
 Concurrent Workers: 1
 Concurrent Refinement Workers: 4
 Periodic GC: Disabled
Heap:
 garbage-first heap   total 347136K, used 221696K [0x00000000a0000000, 0x0000000100000000)
  region size 1024K, 8 young (8192K), 8 survivors (8192K)
 Metaspace       used 125427K, committed 127680K, reserved 1179648K
  class space    used 17349K, committed 18496K, reserved 1048576K
GC Heap History (20 events):
Event: 12.695 GC heap after
{Heap after GC invocations=42 (full 0):
 garbage-first heap   total 165888K, used 106664K [0x00000000a0000000, 0x0000000100000000)
  region size 1024K, 6 young (6144K), 6 survivors (6144K)
 Metaspace       used 111086K, committed 113344K, reserved 1179648K
  class space    used 15286K, committed 16448K, reserved 1048576K
}
Event: 13.182 GC heap before
{Heap before GC invocations=43 (full 0):
 garbage-first heap   total 179200K, used 147624K [0x00000000a0000000, 0x0000000100000000)
  region size 1024K, 47 young (48128K), 6 survivors (6144K)
 Metaspace       used 111607K, committed 113856K, reserved 1179648K
  class space    used 15389K, committed 16512K, reserved 1048576K
}
Event: 13.192 GC heap after
{Heap after GC invocations=44 (full 0):
 garbage-first heap   total 179200K, used 108883K [0x00000000a0000000, 0x0000000100000000)
  region size 1024K, 5 young (5120K), 5 survivors (5120K)
 Metaspace       used 111607K, committed 113856K, reserved 1179648K
  class space    used 15389K, committed 16512K, reserved 1048576K
}
Event: 13.685 GC heap before
{Heap before GC invocations=44 (full 0):
 garbage-first heap   total 179200K, used 162131K [0x00000000a0000000, 0x0000000100000000)
  region size 1024K, 58 young (59392K), 5 survivors (5120K)
 Metaspace       used 111765K, committed 113984K, reserved 1179648K
  class space    used 15404K, committed 16512K, reserved 1048576K
}
Event: 13.692 GC heap after
{Heap after GC invocations=45 (full 0):
 garbage-first heap   total 215040K, used 109945K [0x00000000a0000000, 0x0000000100000000)
  region size 1024K, 7 young (7168K), 7 survivors (7168K)
 Metaspace       used 111765K, committed 113984K, reserved 1179648K
  class space    used 15404K, committed 16512K, reserved 1048576K
}
Event: 14.226 GC heap before
{Heap before GC invocations=45 (full 0):
 garbage-first heap   total 215040K, used 199033K [0x00000000a0000000, 0x0000000100000000)
  region size 1024K, 90 young (92160K), 7 survivors (7168K)
 Metaspace       used 113683K, committed 115968K, reserved 1179648K
  class space    used 15566K, committed 16704K, reserved 1048576K
}
Event: 14.235 GC heap after
{Heap after GC invocations=46 (full 0):
 garbage-first heap   total 215040K, used 114570K [0x00000000a0000000, 0x0000000100000000)
  region size 1024K, 9 young (9216K), 9 survivors (9216K)
 Metaspace       used 113683K, committed 115968K, reserved 1179648K
  class space    used 15566K, committed 16704K, reserved 1048576K
}
Event: 14.518 GC heap before
{Heap before GC invocations=46 (full 0):
 garbage-first heap   total 215040K, used 137098K [0x00000000a0000000, 0x0000000100000000)
  region size 1024K, 33 young (33792K), 9 survivors (9216K)
 Metaspace       used 114638K, committed 116928K, reserved 1179648K
  class space    used 15687K, committed 16832K, reserved 1048576K
}
Event: 14.528 GC heap after
{Heap after GC invocations=47 (full 0):
 garbage-first heap   total 215040K, used 116443K [0x00000000a0000000, 0x0000000100000000)
  region size 1024K, 4 young (4096K), 4 survivors (4096K)
 Metaspace       used 114638K, committed 116928K, reserved 1179648K
  class space    used 15687K, committed 16832K, reserved 1048576K
}
Event: 14.969 GC heap before
{Heap before GC invocations=48 (full 0):
 garbage-first heap   total 215040K, used 213723K [0x00000000a0000000, 0x0000000100000000)
  region size 1024K, 61 young (62464K), 4 survivors (4096K)
 Metaspace       used 118384K, committed 120640K, reserved 1179648K
  class space    used 16221K, committed 17344K, reserved 1048576K
}
Event: 14.983 GC heap after
{Heap after GC invocations=49 (full 0):
 garbage-first heap   total 233472K, used 152615K [0x00000000a0000000, 0x0000000100000000)
  region size 1024K, 10 young (10240K), 10 survivors (10240K)
 Metaspace       used 118384K, committed 120640K, reserved 1179648K
  class space    used 16221K, committed 17344K, reserved 1048576K
}
Event: 15.436 GC heap before
{Heap before GC invocations=49 (full 0):
 garbage-first heap   total 233472K, used 208935K [0x00000000a0000000, 0x0000000100000000)
  region size 1024K, 64 young (65536K), 10 survivors (10240K)
 Metaspace       used 120989K, committed 123200K, reserved 1179648K
  class space    used 16752K, committed 17856K, reserved 1048576K
}
Event: 15.466 GC heap after
{Heap after GC invocations=50 (full 0):
 garbage-first heap   total 240640K, used 171008K [0x00000000a0000000, 0x0000000100000000)
  region size 1024K, 8 young (8192K), 8 survivors (8192K)
 Metaspace       used 120989K, committed 123200K, reserved 1179648K
  class space    used 16752K, committed 17856K, reserved 1048576K
}
Event: 15.770 GC heap before
{Heap before GC invocations=50 (full 0):
 garbage-first heap   total 240640K, used 214016K [0x00000000a0000000, 0x0000000100000000)
  region size 1024K, 50 young (51200K), 8 survivors (8192K)
 Metaspace       used 121101K, committed 123264K, reserved 1179648K
  class space    used 16754K, committed 17856K, reserved 1048576K
}
Event: 15.800 GC heap after
{Heap after GC invocations=51 (full 0):
 garbage-first heap   total 244736K, used 193024K [0x00000000a0000000, 0x0000000100000000)
  region size 1024K, 7 young (7168K), 7 survivors (7168K)
 Metaspace       used 121101K, committed 123264K, reserved 1179648K
  class space    used 16754K, committed 17856K, reserved 1048576K
}
Event: 16.012 GC heap before
{Heap before GC invocations=51 (full 0):
 garbage-first heap   total 244736K, used 219648K [0x00000000a0000000, 0x0000000100000000)
  region size 1024K, 33 young (33792K), 7 survivors (7168K)
 Metaspace       used 121141K, committed 123328K, reserved 1179648K
  class space    used 16759K, committed 17856K, reserved 1048576K
}
Event: 16.029 GC heap after
{Heap after GC invocations=52 (full 0):
 garbage-first heap   total 244736K, used 207872K [0x00000000a0000000, 0x0000000100000000)
  region size 1024K, 5 young (5120K), 5 survivors (5120K)
 Metaspace       used 121141K, committed 123328K, reserved 1179648K
  class space    used 16759K, committed 17856K, reserved 1048576K
}
Event: 16.180 GC heap before
{Heap before GC invocations=53 (full 0):
 garbage-first heap   total 347136K, used 220160K [0x00000000a0000000, 0x0000000100000000)
  region size 1024K, 18 young (18432K), 5 survivors (5120K)
 Metaspace       used 121141K, committed 123328K, reserved 1179648K
  class space    used 16759K, committed 17856K, reserved 1048576K
}
Event: 16.190 GC heap after
{Heap after GC invocations=54 (full 0):
 garbage-first heap   total 347136K, used 215552K [0x00000000a0000000, 0x0000000100000000)
  region size 1024K, 3 young (3072K), 3 survivors (3072K)
 Metaspace       used 121141K, committed 123328K, reserved 1179648K
  class space    used 16759K, committed 17856K, reserved 1048576K
}
Event: 16.938 GC heap before
{Heap before GC invocations=54 (full 0):
 garbage-first heap   total 347136K, used 276992K [0x00000000a0000000, 0x0000000100000000)
  region size 1024K, 64 young (65536K), 3 survivors (3072K)
 Metaspace       used 125427K, committed 127680K, reserved 1179648K
  class space    used 17349K, committed 18496K, reserved 1048576K
}

