# JRE version: OpenJDK Runtime Environment (21.0.5) (build 21.0.5+-13047016-b750.29)
# Java VM: OpenJDK 64-Bit Server VM (21.0.5+-13047016-b750.29, mixed mode, tiered, compressed oops, compressed class ptrs, g1 gc, windows-amd64)
GC Precious Log:
 CardTable entry size: 512
 Card Set container configuration: InlinePtr #cards 5 size 8 Array Of Cards #cards 12 size 40 Howl #buckets 4 coarsen threshold 1843 Howl Bitmap #cards 512 size 80 coarsen threshold 460 Card regions per heap region 1 cards per card region 2048
 CPUs: 4 total, 4 available
 Memory: 7991M
 Large Page Support: Disabled
 NUMA Support: Disabled
 Compressed Oops: Enabled (32-bit)
 Heap Region Size: 1M
 Heap Min Capacity: 8M
 Heap Initial Capacity: 126M
 Heap Max Capacity: 2G
 Pre-touch: Disabled
 Parallel Workers: 4
 Concurrent Workers: 1
 Concurrent Refinement Workers: 4
 Periodic GC: Disabled
Heap:
 garbage-first heap   total 214016K, used 156127K [0x0000000080000000, 0x0000000100000000)
  region size 1024K, 35 young (35840K), 5 survivors (5120K)
 Metaspace       used 128161K, committed 129920K, reserved 1179648K
  class space    used 17035K, committed 18048K, reserved 1048576K
GC Heap History (20 events):
Event: 46.873 GC heap before
{Heap before GC invocations=42 (full 0):
 garbage-first heap   total 167936K, used 148995K [0x0000000080000000, 0x0000000100000000)
  region size 1024K, 47 young (48128K), 7 survivors (7168K)
 Metaspace       used 116916K, committed 119104K, reserved 1179648K
  class space    used 16038K, committed 17152K, reserved 1048576K
}
Event: 46.889 GC heap after
{Heap after GC invocations=43 (full 0):
 garbage-first heap   total 167936K, used 111104K [0x0000000080000000, 0x0000000100000000)
  region size 1024K, 5 young (5120K), 5 survivors (5120K)
 Metaspace       used 116916K, committed 119104K, reserved 1179648K
  class space    used 16038K, committed 17152K, reserved 1048576K
}
Event: 49.151 GC heap before
{Heap before GC invocations=44 (full 0):
 garbage-first heap   total 186368K, used 151040K [0x0000000080000000, 0x0000000100000000)
  region size 1024K, 45 young (46080K), 5 survivors (5120K)
 Metaspace       used 117202K, committed 119424K, reserved 1179648K
  class space    used 16079K, committed 17216K, reserved 1048576K
}
Event: 49.158 GC heap after
{Heap after GC invocations=45 (full 0):
 garbage-first heap   total 186368K, used 113466K [0x0000000080000000, 0x0000000100000000)
  region size 1024K, 4 young (4096K), 4 survivors (4096K)
 Metaspace       used 117202K, committed 119424K, reserved 1179648K
  class space    used 16079K, committed 17216K, reserved 1048576K
}
Event: 51.686 GC heap before
{Heap before GC invocations=45 (full 0):
 garbage-first heap   total 186368K, used 169786K [0x0000000080000000, 0x0000000100000000)
  region size 1024K, 60 young (61440K), 4 survivors (4096K)
 Metaspace       used 117557K, committed 119808K, reserved 1179648K
  class space    used 16119K, committed 17280K, reserved 1048576K
}
Event: 51.696 GC heap after
{Heap after GC invocations=46 (full 0):
 garbage-first heap   total 186368K, used 114412K [0x0000000080000000, 0x0000000100000000)
  region size 1024K, 7 young (7168K), 7 survivors (7168K)
 Metaspace       used 117557K, committed 119808K, reserved 1179648K
  class space    used 16119K, committed 17280K, reserved 1048576K
}
Event: 54.967 GC heap before
{Heap before GC invocations=46 (full 0):
 garbage-first heap   total 186368K, used 167660K [0x0000000080000000, 0x0000000100000000)
  region size 1024K, 60 young (61440K), 7 survivors (7168K)
 Metaspace       used 117644K, committed 119872K, reserved 1179648K
  class space    used 16125K, committed 17280K, reserved 1048576K
}
Event: 54.978 GC heap after
{Heap after GC invocations=47 (full 0):
 garbage-first heap   total 186368K, used 116514K [0x0000000080000000, 0x0000000100000000)
  region size 1024K, 5 young (5120K), 5 survivors (5120K)
 Metaspace       used 117644K, committed 119872K, reserved 1179648K
  class space    used 16125K, committed 17280K, reserved 1048576K
}
Event: 57.889 GC heap before
{Heap before GC invocations=48 (full 0):
 garbage-first heap   total 194560K, used 174882K [0x0000000080000000, 0x0000000100000000)
  region size 1024K, 59 young (60416K), 5 survivors (5120K)
 Metaspace       used 121018K, committed 123264K, reserved 1179648K
  class space    used 16468K, committed 17600K, reserved 1048576K
}
Event: 57.899 GC heap after
{Heap after GC invocations=49 (full 0):
 garbage-first heap   total 194560K, used 122880K [0x0000000080000000, 0x0000000100000000)
  region size 1024K, 8 young (8192K), 8 survivors (8192K)
 Metaspace       used 121018K, committed 123264K, reserved 1179648K
  class space    used 16468K, committed 17600K, reserved 1048576K
}
Event: 3183.812 GC heap before
{Heap before GC invocations=49 (full 0):
 garbage-first heap   total 194560K, used 194560K [0x0000000080000000, 0x0000000100000000)
  region size 1024K, 47 young (48128K), 8 survivors (8192K)
 Metaspace       used 122826K, committed 125056K, reserved 1179648K
  class space    used 16731K, committed 17856K, reserved 1048576K
}
Event: 3183.822 GC heap after
{Heap after GC invocations=50 (full 0):
 garbage-first heap   total 205824K, used 121130K [0x0000000080000000, 0x0000000100000000)
  region size 1024K, 2 young (2048K), 2 survivors (2048K)
 Metaspace       used 122826K, committed 125056K, reserved 1179648K
  class space    used 16731K, committed 17856K, reserved 1048576K
}
Event: 4330.263 GC heap before
{Heap before GC invocations=50 (full 0):
 garbage-first heap   total 205824K, used 187690K [0x0000000080000000, 0x0000000100000000)
  region size 1024K, 67 young (68608K), 2 survivors (2048K)
 Metaspace       used 123035K, committed 125248K, reserved 1179648K
  class space    used 16734K, committed 17856K, reserved 1048576K
}
Event: 4330.293 GC heap after
{Heap after GC invocations=51 (full 0):
 garbage-first heap   total 205824K, used 120510K [0x0000000080000000, 0x0000000100000000)
  region size 1024K, 1 young (1024K), 1 survivors (1024K)
 Metaspace       used 123035K, committed 125248K, reserved 1179648K
  class space    used 16734K, committed 17856K, reserved 1048576K
}
Event: 4891.946 GC heap before
{Heap before GC invocations=52 (full 0):
 garbage-first heap   total 205824K, used 190142K [0x0000000080000000, 0x0000000100000000)
  region size 1024K, 69 young (70656K), 1 survivors (1024K)
 Metaspace       used 120774K, committed 125312K, reserved 1179648K
  class space    used 16160K, committed 17856K, reserved 1048576K
}
Event: 4891.960 GC heap after
{Heap after GC invocations=53 (full 0):
 garbage-first heap   total 205824K, used 125356K [0x0000000080000000, 0x0000000100000000)
  region size 1024K, 6 young (6144K), 6 survivors (6144K)
 Metaspace       used 120774K, committed 125312K, reserved 1179648K
  class space    used 16160K, committed 17856K, reserved 1048576K
}
Event: 4894.232 GC heap before
{Heap before GC invocations=53 (full 0):
 garbage-first heap   total 205824K, used 186796K [0x0000000080000000, 0x0000000100000000)
  region size 1024K, 67 young (68608K), 6 survivors (6144K)
 Metaspace       used 123045K, committed 125824K, reserved 1179648K
  class space    used 16394K, committed 17920K, reserved 1048576K
}
Event: 4894.268 GC heap after
{Heap after GC invocations=54 (full 0):
 garbage-first heap   total 212992K, used 122459K [0x0000000080000000, 0x0000000100000000)
  region size 1024K, 8 young (8192K), 8 survivors (8192K)
 Metaspace       used 123045K, committed 125824K, reserved 1179648K
  class space    used 16394K, committed 17920K, reserved 1048576K
}
Event: 4899.288 GC heap before
{Heap before GC invocations=54 (full 0):
 garbage-first heap   total 212992K, used 192091K [0x0000000080000000, 0x0000000100000000)
  region size 1024K, 77 young (78848K), 8 survivors (8192K)
 Metaspace       used 125032K, committed 127040K, reserved 1179648K
  class space    used 16640K, committed 17920K, reserved 1048576K
}
Event: 4899.303 GC heap after
{Heap after GC invocations=55 (full 0):
 garbage-first heap   total 212992K, used 127455K [0x0000000080000000, 0x0000000100000000)
  region size 1024K, 5 young (5120K), 5 survivors (5120K)
 Metaspace       used 125032K, committed 127040K, reserved 1179648K
  class space    used 16640K, committed 17920K, reserved 1048576K
}

