# JRE version: OpenJDK Runtime Environment (21.0.5) (build 21.0.5+-13047016-b750.29)
# Java VM: OpenJDK 64-Bit Server VM (21.0.5+-13047016-b750.29, mixed mode, tiered, compressed oops, compressed class ptrs, g1 gc, windows-amd64)
GC Precious Log:
 CardTable entry size: 512
 Card Set container configuration: InlinePtr #cards 5 size 8 Array Of Cards #cards 12 size 40 Howl #buckets 4 coarsen threshold 1843 Howl Bitmap #cards 512 size 80 coarsen threshold 460 Card regions per heap region 1 cards per card region 2048
 CPUs: 4 total, 4 available
 Memory: 7991M
 Large Page Support: Disabled
 NUMA Support: Disabled
 Compressed Oops: Enabled (32-bit)
 Heap Region Size: 1M
 Heap Min Capacity: 8M
 Heap Initial Capacity: 126M
 Heap Max Capacity: 1536M
 Pre-touch: Disabled
 Parallel Workers: 4
 Concurrent Workers: 1
 Concurrent Refinement Workers: 4
 Periodic GC: Disabled
Heap:
 garbage-first heap   total 437248K, used 219648K [0x00000000a0000000, 0x0000000100000000)
  region size 1024K, 38 young (38912K), 11 survivors (11264K)
 Metaspace       used 161917K, committed 164352K, reserved 1245184K
  class space    used 21400K, committed 22656K, reserved 1048576K
GC Heap History (20 events):
Event: 23.721 GC heap before
{Heap before GC invocations=61 (full 0):
 garbage-first heap   total 353280K, used 298496K [0x00000000a0000000, 0x0000000100000000)
  region size 1024K, 75 young (76800K), 6 survivors (6144K)
 Metaspace       used 135962K, committed 138176K, reserved 1179648K
  class space    used 18319K, committed 19456K, reserved 1048576K
}
Event: 23.738 GC heap after
{Heap after GC invocations=62 (full 0):
 garbage-first heap   total 353280K, used 235827K [0x00000000a0000000, 0x0000000100000000)
  region size 1024K, 8 young (8192K), 8 survivors (8192K)
 Metaspace       used 135962K, committed 138176K, reserved 1179648K
  class space    used 18319K, committed 19456K, reserved 1048576K
}
Event: 23.767 GC heap before
{Heap before GC invocations=62 (full 0):
 garbage-first heap   total 353280K, used 239923K [0x00000000a0000000, 0x0000000100000000)
  region size 1024K, 13 young (13312K), 8 survivors (8192K)
 Metaspace       used 135976K, committed 138240K, reserved 1179648K
  class space    used 18319K, committed 19456K, reserved 1048576K
}
Event: 23.779 GC heap after
{Heap after GC invocations=63 (full 0):
 garbage-first heap   total 353280K, used 237898K [0x00000000a0000000, 0x0000000100000000)
  region size 1024K, 3 young (3072K), 3 survivors (3072K)
 Metaspace       used 135976K, committed 138240K, reserved 1179648K
  class space    used 18319K, committed 19456K, reserved 1048576K
}
Event: 24.657 GC heap before
{Heap before GC invocations=64 (full 0):
 garbage-first heap   total 386048K, used 301386K [0x00000000a0000000, 0x0000000100000000)
  region size 1024K, 69 young (70656K), 3 survivors (3072K)
 Metaspace       used 137441K, committed 139712K, reserved 1179648K
  class space    used 18487K, committed 19648K, reserved 1048576K
}
Event: 24.669 GC heap after
{Heap after GC invocations=65 (full 0):
 garbage-first heap   total 386048K, used 239894K [0x00000000a0000000, 0x0000000100000000)
  region size 1024K, 8 young (8192K), 8 survivors (8192K)
 Metaspace       used 137441K, committed 139712K, reserved 1179648K
  class space    used 18487K, committed 19648K, reserved 1048576K
}
Event: 25.875 GC heap before
{Heap before GC invocations=65 (full 0):
 garbage-first heap   total 386048K, used 338198K [0x00000000a0000000, 0x0000000100000000)
  region size 1024K, 94 young (96256K), 8 survivors (8192K)
 Metaspace       used 138901K, committed 141248K, reserved 1179648K
  class space    used 18647K, committed 19840K, reserved 1048576K
}
Event: 25.893 GC heap after
{Heap after GC invocations=66 (full 0):
 garbage-first heap   total 386048K, used 250112K [0x00000000a0000000, 0x0000000100000000)
  region size 1024K, 12 young (12288K), 12 survivors (12288K)
 Metaspace       used 138901K, committed 141248K, reserved 1179648K
  class space    used 18647K, committed 19840K, reserved 1048576K
}
Event: 26.099 GC heap before
{Heap before GC invocations=66 (full 0):
 garbage-first heap   total 386048K, used 291072K [0x00000000a0000000, 0x0000000100000000)
  region size 1024K, 53 young (54272K), 12 survivors (12288K)
 Metaspace       used 138910K, committed 141248K, reserved 1179648K
  class space    used 18647K, committed 19840K, reserved 1048576K
}
Event: 26.111 GC heap after
{Heap after GC invocations=67 (full 0):
 garbage-first heap   total 386048K, used 253076K [0x00000000a0000000, 0x0000000100000000)
  region size 1024K, 3 young (3072K), 3 survivors (3072K)
 Metaspace       used 138910K, committed 141248K, reserved 1179648K
  class space    used 18647K, committed 19840K, reserved 1048576K
}
Event: 27.477 GC heap before
{Heap before GC invocations=68 (full 0):
 garbage-first heap   total 437248K, used 369812K [0x00000000a0000000, 0x0000000100000000)
  region size 1024K, 91 young (93184K), 3 survivors (3072K)
 Metaspace       used 139623K, committed 141952K, reserved 1179648K
  class space    used 18718K, committed 19904K, reserved 1048576K
}
Event: 27.482 GC heap after
{Heap after GC invocations=69 (full 0):
 garbage-first heap   total 437248K, used 250966K [0x00000000a0000000, 0x0000000100000000)
  region size 1024K, 3 young (3072K), 3 survivors (3072K)
 Metaspace       used 139623K, committed 141952K, reserved 1179648K
  class space    used 18718K, committed 19904K, reserved 1048576K
}
Event: 34.504 GC heap before
{Heap before GC invocations=69 (full 0):
 garbage-first heap   total 437248K, used 412758K [0x00000000a0000000, 0x0000000100000000)
  region size 1024K, 156 young (159744K), 3 survivors (3072K)
 Metaspace       used 153181K, committed 155584K, reserved 1245184K
  class space    used 20403K, committed 21632K, reserved 1048576K
}
Event: 34.520 GC heap after
{Heap after GC invocations=70 (full 0):
 garbage-first heap   total 437248K, used 263557K [0x00000000a0000000, 0x0000000100000000)
  region size 1024K, 15 young (15360K), 15 survivors (15360K)
 Metaspace       used 153181K, committed 155584K, reserved 1245184K
  class space    used 20403K, committed 21632K, reserved 1048576K
}
Event: 36.016 GC heap before
{Heap before GC invocations=70 (full 0):
 garbage-first heap   total 437248K, used 395653K [0x00000000a0000000, 0x0000000100000000)
  region size 1024K, 143 young (146432K), 15 survivors (15360K)
 Metaspace       used 160279K, committed 162752K, reserved 1245184K
  class space    used 21228K, committed 22464K, reserved 1048576K
}
Event: 36.044 GC heap after
{Heap after GC invocations=71 (full 0):
 garbage-first heap   total 437248K, used 267488K [0x00000000a0000000, 0x0000000100000000)
  region size 1024K, 12 young (12288K), 12 survivors (12288K)
 Metaspace       used 160279K, committed 162752K, reserved 1245184K
  class space    used 21228K, committed 22464K, reserved 1048576K
}
Event: 36.387 GC heap before
{Heap before GC invocations=71 (full 0):
 garbage-first heap   total 437248K, used 304352K [0x00000000a0000000, 0x0000000100000000)
  region size 1024K, 50 young (51200K), 12 survivors (12288K)
 Metaspace       used 160626K, committed 163072K, reserved 1245184K
  class space    used 21259K, committed 22528K, reserved 1048576K
}
Event: 36.398 GC heap after
{Heap after GC invocations=72 (full 0):
 garbage-first heap   total 437248K, used 268480K [0x00000000a0000000, 0x0000000100000000)
  region size 1024K, 4 young (4096K), 4 survivors (4096K)
 Metaspace       used 160626K, committed 163072K, reserved 1245184K
  class space    used 21259K, committed 22528K, reserved 1048576K
}
Event: 37.932 GC heap before
{Heap before GC invocations=73 (full 0):
 garbage-first heap   total 437248K, used 321728K [0x00000000a0000000, 0x0000000100000000)
  region size 1024K, 137 young (140288K), 4 survivors (4096K)
 Metaspace       used 161898K, committed 164288K, reserved 1245184K
  class space    used 21399K, committed 22656K, reserved 1048576K
}
Event: 37.943 GC heap after
{Heap after GC invocations=74 (full 0):
 garbage-first heap   total 437248K, used 193024K [0x00000000a0000000, 0x0000000100000000)
  region size 1024K, 11 young (11264K), 11 survivors (11264K)
 Metaspace       used 161898K, committed 164288K, reserved 1245184K
  class space    used 21399K, committed 22656K, reserved 1048576K
}

