# JRE version: OpenJDK Runtime Environment (21.0.5) (build 21.0.5+-13047016-b750.29)
# Java VM: OpenJDK 64-Bit Server VM (21.0.5+-13047016-b750.29, mixed mode, tiered, compressed oops, compressed class ptrs, g1 gc, windows-amd64)
GC Precious Log:
 CardTable entry size: 512
 Card Set container configuration: InlinePtr #cards 5 size 8 Array Of Cards #cards 12 size 40 Howl #buckets 4 coarsen threshold 1843 Howl Bitmap #cards 512 size 80 coarsen threshold 460 Card regions per heap region 1 cards per card region 2048
 CPUs: 4 total, 4 available
 Memory: 7991M
 Large Page Support: Disabled
 NUMA Support: Disabled
 Compressed Oops: Enabled (32-bit)
 Heap Region Size: 1M
 Heap Min Capacity: 8M
 Heap Initial Capacity: 126M
 Heap Max Capacity: 1536M
 Pre-touch: Disabled
 Parallel Workers: 4
 Concurrent Workers: 1
 Concurrent Refinement Workers: 4
 Periodic GC: Disabled
Heap:
 garbage-first heap   total 269312K, used 207936K [0x00000000a0000000, 0x0000000100000000)
  region size 1024K, 11 young (11264K), 6 survivors (6144K)
 Metaspace       used 124766K, committed 127040K, reserved 1179648K
  class space    used 17201K, committed 18368K, reserved 1048576K
GC Heap History (20 events):
Event: 13.925 GC heap before
{Heap before GC invocations=42 (full 0):
 garbage-first heap   total 162816K, used 144909K [0x00000000a0000000, 0x0000000100000000)
  region size 1024K, 51 young (52224K), 7 survivors (7168K)
 Metaspace       used 111099K, committed 113280K, reserved 1179648K
  class space    used 15290K, committed 16384K, reserved 1048576K
}
Event: 13.938 GC heap after
{Heap after GC invocations=43 (full 0):
 garbage-first heap   total 162816K, used 105032K [0x00000000a0000000, 0x0000000100000000)
  region size 1024K, 6 young (6144K), 6 survivors (6144K)
 Metaspace       used 111099K, committed 113280K, reserved 1179648K
  class space    used 15290K, committed 16384K, reserved 1048576K
}
Event: 14.209 GC heap before
{Heap before GC invocations=43 (full 0):
 garbage-first heap   total 162816K, used 145992K [0x00000000a0000000, 0x0000000100000000)
  region size 1024K, 47 young (48128K), 6 survivors (6144K)
 Metaspace       used 111444K, committed 113600K, reserved 1179648K
  class space    used 15365K, committed 16448K, reserved 1048576K
}
Event: 14.218 GC heap after
{Heap after GC invocations=44 (full 0):
 garbage-first heap   total 162816K, used 107695K [0x00000000a0000000, 0x0000000100000000)
  region size 1024K, 5 young (5120K), 5 survivors (5120K)
 Metaspace       used 111444K, committed 113600K, reserved 1179648K
  class space    used 15365K, committed 16448K, reserved 1048576K
}
Event: 14.644 GC heap before
{Heap before GC invocations=45 (full 0):
 garbage-first heap   total 181248K, used 145583K [0x00000000a0000000, 0x0000000100000000)
  region size 1024K, 43 young (44032K), 5 survivors (5120K)
 Metaspace       used 111646K, committed 113856K, reserved 1179648K
  class space    used 15392K, committed 16512K, reserved 1048576K
}
Event: 14.650 GC heap after
{Heap after GC invocations=46 (full 0):
 garbage-first heap   total 181248K, used 109230K [0x00000000a0000000, 0x0000000100000000)
  region size 1024K, 4 young (4096K), 4 survivors (4096K)
 Metaspace       used 111646K, committed 113856K, reserved 1179648K
  class space    used 15392K, committed 16512K, reserved 1048576K
}
Event: 15.421 GC heap before
{Heap before GC invocations=46 (full 0):
 garbage-first heap   total 181248K, used 170670K [0x00000000a0000000, 0x0000000100000000)
  region size 1024K, 60 young (61440K), 4 survivors (4096K)
 Metaspace       used 115392K, committed 117632K, reserved 1179648K
  class space    used 15764K, committed 16896K, reserved 1048576K
}
Event: 15.431 GC heap after
{Heap after GC invocations=47 (full 0):
 garbage-first heap   total 182272K, used 111578K [0x00000000a0000000, 0x0000000100000000)
  region size 1024K, 8 young (8192K), 8 survivors (8192K)
 Metaspace       used 115392K, committed 117632K, reserved 1179648K
  class space    used 15764K, committed 16896K, reserved 1048576K
}
Event: 15.819 GC heap before
{Heap before GC invocations=47 (full 0):
 garbage-first heap   total 182272K, used 162778K [0x00000000a0000000, 0x0000000100000000)
  region size 1024K, 59 young (60416K), 8 survivors (8192K)
 Metaspace       used 115691K, committed 117952K, reserved 1179648K
  class space    used 15804K, committed 16960K, reserved 1048576K
}
Event: 15.832 GC heap after
{Heap after GC invocations=48 (full 0):
 garbage-first heap   total 182272K, used 113607K [0x00000000a0000000, 0x0000000100000000)
  region size 1024K, 4 young (4096K), 4 survivors (4096K)
 Metaspace       used 115691K, committed 117952K, reserved 1179648K
  class space    used 15804K, committed 16960K, reserved 1048576K
}
Event: 16.301 GC heap before
{Heap before GC invocations=49 (full 0):
 garbage-first heap   total 189440K, used 178119K [0x00000000a0000000, 0x0000000100000000)
  region size 1024K, 57 young (58368K), 4 survivors (4096K)
 Metaspace       used 117578K, committed 119872K, reserved 1179648K
  class space    used 16046K, committed 17216K, reserved 1048576K
}
Event: 16.307 GC heap after
{Heap after GC invocations=50 (full 0):
 garbage-first heap   total 189440K, used 129922K [0x00000000a0000000, 0x0000000100000000)
  region size 1024K, 8 young (8192K), 8 survivors (8192K)
 Metaspace       used 117578K, committed 119872K, reserved 1179648K
  class space    used 16046K, committed 17216K, reserved 1048576K
}
Event: 16.578 GC heap before
{Heap before GC invocations=50 (full 0):
 garbage-first heap   total 189440K, used 188290K [0x00000000a0000000, 0x0000000100000000)
  region size 1024K, 38 young (38912K), 8 survivors (8192K)
 Metaspace       used 120087K, committed 122368K, reserved 1179648K
  class space    used 16414K, committed 17536K, reserved 1048576K
}
Event: 16.591 GC heap after
{Heap after GC invocations=51 (full 0):
 garbage-first heap   total 248832K, used 145477K [0x00000000a0000000, 0x0000000100000000)
  region size 1024K, 5 young (5120K), 5 survivors (5120K)
 Metaspace       used 120087K, committed 122368K, reserved 1179648K
  class space    used 16414K, committed 17536K, reserved 1048576K
}
Event: 17.362 GC heap before
{Heap before GC invocations=51 (full 0):
 garbage-first heap   total 248832K, used 227397K [0x00000000a0000000, 0x0000000100000000)
  region size 1024K, 84 young (86016K), 5 survivors (5120K)
 Metaspace       used 122897K, committed 125248K, reserved 1179648K
  class space    used 16966K, committed 18176K, reserved 1048576K
}
Event: 17.396 GC heap after
{Heap after GC invocations=52 (full 0):
 garbage-first heap   total 261120K, used 175104K [0x00000000a0000000, 0x0000000100000000)
  region size 1024K, 11 young (11264K), 11 survivors (11264K)
 Metaspace       used 122897K, committed 125248K, reserved 1179648K
  class space    used 16966K, committed 18176K, reserved 1048576K
}
Event: 17.657 GC heap before
{Heap before GC invocations=52 (full 0):
 garbage-first heap   total 261120K, used 230400K [0x00000000a0000000, 0x0000000100000000)
  region size 1024K, 65 young (66560K), 11 survivors (11264K)
 Metaspace       used 123019K, committed 125376K, reserved 1179648K
  class space    used 16971K, committed 18176K, reserved 1048576K
}
Event: 17.701 GC heap after
{Heap after GC invocations=53 (full 0):
 garbage-first heap   total 269312K, used 202752K [0x00000000a0000000, 0x0000000100000000)
  region size 1024K, 9 young (9216K), 9 survivors (9216K)
 Metaspace       used 123019K, committed 125376K, reserved 1179648K
  class space    used 16971K, committed 18176K, reserved 1048576K
}
Event: 18.054 GC heap before
{Heap before GC invocations=53 (full 0):
 garbage-first heap   total 269312K, used 238592K [0x00000000a0000000, 0x0000000100000000)
  region size 1024K, 44 young (45056K), 9 survivors (9216K)
 Metaspace       used 124370K, committed 126656K, reserved 1179648K
  class space    used 17174K, committed 18368K, reserved 1048576K
}
Event: 18.073 GC heap after
{Heap after GC invocations=54 (full 0):
 garbage-first heap   total 269312K, used 217152K [0x00000000a0000000, 0x0000000100000000)
  region size 1024K, 6 young (6144K), 6 survivors (6144K)
 Metaspace       used 124370K, committed 126656K, reserved 1179648K
  class space    used 17174K, committed 18368K, reserved 1048576K
}

