# JRE version: OpenJDK Runtime Environment (21.0.5) (build 21.0.5+-13047016-b750.29)
# Java VM: OpenJDK 64-Bit Server VM (21.0.5+-13047016-b750.29, mixed mode, tiered, compressed oops, compressed class ptrs, g1 gc, windows-amd64)
GC Precious Log:
 CardTable entry size: 512
 Card Set container configuration: InlinePtr #cards 5 size 8 Array Of Cards #cards 12 size 40 Howl #buckets 4 coarsen threshold 1843 Howl Bitmap #cards 512 size 80 coarsen threshold 460 Card regions per heap region 1 cards per card region 2048
 CPUs: 4 total, 4 available
 Memory: 7991M
 Large Page Support: Disabled
 NUMA Support: Disabled
 Compressed Oops: Enabled (32-bit)
 Heap Region Size: 1M
 Heap Min Capacity: 8M
 Heap Initial Capacity: 126M
 Heap Max Capacity: 1536M
 Pre-touch: Disabled
 Parallel Workers: 4
 Concurrent Workers: 1
 Concurrent Refinement Workers: 4
 Periodic GC: Disabled
Heap:
 garbage-first heap   total 283648K, used 224853K [0x00000000a0000000, 0x0000000100000000)
  region size 1024K, 67 young (68608K), 10 survivors (10240K)
 Metaspace       used 132687K, committed 135104K, reserved 1179648K
  class space    used 17783K, committed 19008K, reserved 1048576K
GC Heap History (20 events):
Event: 15.152 GC heap before
{Heap before GC invocations=46 (full 0):
 garbage-first heap   total 219136K, used 202688K [0x00000000a0000000, 0x0000000100000000)
  region size 1024K, 60 young (61440K), 4 survivors (4096K)
 Metaspace       used 109215K, committed 111488K, reserved 1179648K
  class space    used 14973K, committed 16128K, reserved 1048576K
}
Event: 15.161 GC heap after
{Heap after GC invocations=47 (full 0):
 garbage-first heap   total 219136K, used 151828K [0x00000000a0000000, 0x0000000100000000)
  region size 1024K, 8 young (8192K), 8 survivors (8192K)
 Metaspace       used 109215K, committed 111488K, reserved 1179648K
  class space    used 14973K, committed 16128K, reserved 1048576K
}
Event: 28.037 GC heap before
{Heap before GC invocations=47 (full 0):
 garbage-first heap   total 219136K, used 197908K [0x00000000a0000000, 0x0000000100000000)
  region size 1024K, 53 young (54272K), 8 survivors (8192K)
 Metaspace       used 110581K, committed 112896K, reserved 1179648K
  class space    used 15151K, committed 16320K, reserved 1048576K
}
Event: 28.047 GC heap after
{Heap after GC invocations=48 (full 0):
 garbage-first heap   total 219136K, used 154543K [0x00000000a0000000, 0x0000000100000000)
  region size 1024K, 4 young (4096K), 4 survivors (4096K)
 Metaspace       used 110581K, committed 112896K, reserved 1179648K
  class space    used 15151K, committed 16320K, reserved 1048576K
}
Event: 46.926 GC heap before
{Heap before GC invocations=48 (full 0):
 garbage-first heap   total 219136K, used 202671K [0x00000000a0000000, 0x0000000100000000)
  region size 1024K, 51 young (52224K), 4 survivors (4096K)
 Metaspace       used 110588K, committed 112896K, reserved 1179648K
  class space    used 15151K, committed 16320K, reserved 1048576K
}
Event: 46.932 GC heap after
{Heap after GC invocations=49 (full 0):
 garbage-first heap   total 219136K, used 154975K [0x00000000a0000000, 0x0000000100000000)
  region size 1024K, 5 young (5120K), 5 survivors (5120K)
 Metaspace       used 110588K, committed 112896K, reserved 1179648K
  class space    used 15151K, committed 16320K, reserved 1048576K
}
Event: 60.674 GC heap before
{Heap before GC invocations=50 (full 0):
 garbage-first heap   total 260096K, used 199007K [0x00000000a0000000, 0x0000000100000000)
  region size 1024K, 48 young (49152K), 5 survivors (5120K)
 Metaspace       used 110588K, committed 112896K, reserved 1179648K
  class space    used 15151K, committed 16320K, reserved 1048576K
}
Event: 60.680 GC heap after
{Heap after GC invocations=51 (full 0):
 garbage-first heap   total 260096K, used 156131K [0x00000000a0000000, 0x0000000100000000)
  region size 1024K, 5 young (5120K), 5 survivors (5120K)
 Metaspace       used 110588K, committed 112896K, reserved 1179648K
  class space    used 15151K, committed 16320K, reserved 1048576K
}
Event: 89.299 GC heap before
{Heap before GC invocations=51 (full 0):
 garbage-first heap   total 260096K, used 233955K [0x00000000a0000000, 0x0000000100000000)
  region size 1024K, 81 young (82944K), 5 survivors (5120K)
 Metaspace       used 110591K, committed 112896K, reserved 1179648K
  class space    used 15151K, committed 16320K, reserved 1048576K
}
Event: 89.305 GC heap after
{Heap after GC invocations=52 (full 0):
 garbage-first heap   total 260096K, used 155233K [0x00000000a0000000, 0x0000000100000000)
  region size 1024K, 5 young (5120K), 5 survivors (5120K)
 Metaspace       used 110591K, committed 112896K, reserved 1179648K
  class space    used 15151K, committed 16320K, reserved 1048576K
}
Event: 116.551 GC heap before
{Heap before GC invocations=52 (full 0):
 garbage-first heap   total 260096K, used 238177K [0x00000000a0000000, 0x0000000100000000)
  region size 1024K, 86 young (88064K), 5 survivors (5120K)
 Metaspace       used 110594K, committed 112896K, reserved 1179648K
  class space    used 15151K, committed 16320K, reserved 1048576K
}
Event: 116.557 GC heap after
{Heap after GC invocations=53 (full 0):
 garbage-first heap   total 260096K, used 157745K [0x00000000a0000000, 0x0000000100000000)
  region size 1024K, 8 young (8192K), 8 survivors (8192K)
 Metaspace       used 110594K, committed 112896K, reserved 1179648K
  class space    used 15151K, committed 16320K, reserved 1048576K
}
Event: 142.164 GC heap before
{Heap before GC invocations=54 (full 0):
 garbage-first heap   total 265216K, used 236593K [0x00000000a0000000, 0x0000000100000000)
  region size 1024K, 85 young (87040K), 8 survivors (8192K)
 Metaspace       used 110598K, committed 112896K, reserved 1179648K
  class space    used 15151K, committed 16320K, reserved 1048576K
}
Event: 142.171 GC heap after
{Heap after GC invocations=55 (full 0):
 garbage-first heap   total 265216K, used 158769K [0x00000000a0000000, 0x0000000100000000)
  region size 1024K, 7 young (7168K), 7 survivors (7168K)
 Metaspace       used 110598K, committed 112896K, reserved 1179648K
  class space    used 15151K, committed 16320K, reserved 1048576K
}
Event: 156.688 GC heap before
{Heap before GC invocations=55 (full 0):
 garbage-first heap   total 265216K, used 243761K [0x00000000a0000000, 0x0000000100000000)
  region size 1024K, 89 young (91136K), 7 survivors (7168K)
 Metaspace       used 115264K, committed 117568K, reserved 1179648K
  class space    used 15656K, committed 16832K, reserved 1048576K
}
Event: 156.697 GC heap after
{Heap after GC invocations=56 (full 0):
 garbage-first heap   total 265216K, used 160219K [0x00000000a0000000, 0x0000000100000000)
  region size 1024K, 8 young (8192K), 8 survivors (8192K)
 Metaspace       used 115264K, committed 117568K, reserved 1179648K
  class space    used 15656K, committed 16832K, reserved 1048576K
}
Event: 157.868 GC heap before
{Heap before GC invocations=56 (full 0):
 garbage-first heap   total 265216K, used 241115K [0x00000000a0000000, 0x0000000100000000)
  region size 1024K, 88 young (90112K), 8 survivors (8192K)
 Metaspace       used 123271K, committed 125568K, reserved 1179648K
  class space    used 16691K, committed 17856K, reserved 1048576K
}
Event: 157.879 GC heap after
{Heap after GC invocations=57 (full 0):
 garbage-first heap   total 265216K, used 164826K [0x00000000a0000000, 0x0000000100000000)
  region size 1024K, 9 young (9216K), 9 survivors (9216K)
 Metaspace       used 123271K, committed 125568K, reserved 1179648K
  class space    used 16691K, committed 17856K, reserved 1048576K
}
Event: 159.838 GC heap before
{Heap before GC invocations=58 (full 0):
 garbage-first heap   total 283648K, used 244698K [0x00000000a0000000, 0x0000000100000000)
  region size 1024K, 83 young (84992K), 9 survivors (9216K)
 Metaspace       used 125773K, committed 128064K, reserved 1179648K
  class space    used 16900K, committed 18048K, reserved 1048576K
}
Event: 159.851 GC heap after
{Heap after GC invocations=59 (full 0):
 garbage-first heap   total 283648K, used 168533K [0x00000000a0000000, 0x0000000100000000)
  region size 1024K, 10 young (10240K), 10 survivors (10240K)
 Metaspace       used 125773K, committed 128064K, reserved 1179648K
  class space    used 16900K, committed 18048K, reserved 1048576K
}

