# JRE version: OpenJDK Runtime Environment (21.0.5) (build 21.0.5+-13047016-b750.29)
# Java VM: OpenJDK 64-Bit Server VM (21.0.5+-13047016-b750.29, mixed mode, tiered, compressed oops, compressed class ptrs, g1 gc, windows-amd64)
GC Precious Log:
 CardTable entry size: 512
 Card Set container configuration: InlinePtr #cards 5 size 8 Array Of Cards #cards 12 size 40 Howl #buckets 4 coarsen threshold 1843 Howl Bitmap #cards 512 size 80 coarsen threshold 460 Card regions per heap region 1 cards per card region 2048
 CPUs: 4 total, 4 available
 Memory: 7991M
 Large Page Support: Disabled
 NUMA Support: Disabled
 Compressed Oops: Enabled (32-bit)
 Heap Region Size: 1M
 Heap Min Capacity: 8M
 Heap Initial Capacity: 126M
 Heap Max Capacity: 1536M
 Pre-touch: Disabled
 Parallel Workers: 4
 Concurrent Workers: 1
 Concurrent Refinement Workers: 4
 Periodic GC: Disabled
Heap:
 garbage-first heap   total 518144K, used 289792K [0x00000000a0000000, 0x0000000100000000)
  region size 1024K, 70 young (71680K), 28 survivors (28672K)
 Metaspace       used 175244K, committed 176832K, reserved 1245184K
  class space    used 22581K, committed 23424K, reserved 1048576K
GC Heap History (20 events):
Event: 4071.291 GC heap before
{Heap before GC invocations=97 (full 0):
 garbage-first heap   total 409600K, used 273408K [0x00000000a0000000, 0x0000000100000000)
  region size 1024K, 15 young (15360K), 12 survivors (12288K)
 Metaspace       used 163696K, committed 165120K, reserved 1245184K
  class space    used 21311K, committed 22016K, reserved 1048576K
}
Event: 4071.304 GC heap after
{Heap after GC invocations=98 (full 0):
 garbage-first heap   total 409600K, used 270907K [0x00000000a0000000, 0x0000000100000000)
  region size 1024K, 1 young (1024K), 1 survivors (1024K)
 Metaspace       used 163696K, committed 165120K, reserved 1245184K
  class space    used 21311K, committed 22016K, reserved 1048576K
}
Event: 4072.488 GC heap before
{Heap before GC invocations=99 (full 0):
 garbage-first heap   total 454656K, used 381499K [0x00000000a0000000, 0x0000000100000000)
  region size 1024K, 90 young (92160K), 1 survivors (1024K)
 Metaspace       used 163813K, committed 165248K, reserved 1245184K
  class space    used 21313K, committed 22016K, reserved 1048576K
}
Event: 4072.491 GC heap after
{Heap after GC invocations=100 (full 0):
 garbage-first heap   total 454656K, used 261429K [0x00000000a0000000, 0x0000000100000000)
  region size 1024K, 1 young (1024K), 1 survivors (1024K)
 Metaspace       used 163813K, committed 165248K, reserved 1245184K
  class space    used 21313K, committed 22016K, reserved 1048576K
}
Event: 4089.134 GC heap before
{Heap before GC invocations=100 (full 0):
 garbage-first heap   total 454656K, used 402741K [0x00000000a0000000, 0x0000000100000000)
  region size 1024K, 132 young (135168K), 1 survivors (1024K)
 Metaspace       used 173159K, committed 174720K, reserved 1245184K
  class space    used 22423K, committed 23232K, reserved 1048576K
}
Event: 4089.151 GC heap after
{Heap after GC invocations=101 (full 0):
 garbage-first heap   total 454656K, used 266245K [0x00000000a0000000, 0x0000000100000000)
  region size 1024K, 12 young (12288K), 12 survivors (12288K)
 Metaspace       used 173159K, committed 174720K, reserved 1245184K
  class space    used 22423K, committed 23232K, reserved 1048576K
}
Event: 4090.052 GC heap before
{Heap before GC invocations=101 (full 0):
 garbage-first heap   total 454656K, used 377861K [0x00000000a0000000, 0x0000000100000000)
  region size 1024K, 123 young (125952K), 12 survivors (12288K)
 Metaspace       used 173410K, committed 174976K, reserved 1245184K
  class space    used 22426K, committed 23232K, reserved 1048576K
}
Event: 4090.063 GC heap after
{Heap after GC invocations=102 (full 0):
 garbage-first heap   total 454656K, used 263018K [0x00000000a0000000, 0x0000000100000000)
  region size 1024K, 3 young (3072K), 3 survivors (3072K)
 Metaspace       used 173410K, committed 174976K, reserved 1245184K
  class space    used 22426K, committed 23232K, reserved 1048576K
}
Event: 4095.636 GC heap before
{Heap before GC invocations=103 (full 0):
 garbage-first heap   total 454656K, used 384874K [0x00000000a0000000, 0x0000000100000000)
  region size 1024K, 147 young (150528K), 3 survivors (3072K)
 Metaspace       used 174642K, committed 176192K, reserved 1245184K
  class space    used 22589K, committed 23360K, reserved 1048576K
}
Event: 4095.641 GC heap after
{Heap after GC invocations=104 (full 0):
 garbage-first heap   total 454656K, used 233197K [0x00000000a0000000, 0x0000000100000000)
  region size 1024K, 2 young (2048K), 2 survivors (2048K)
 Metaspace       used 174642K, committed 176192K, reserved 1245184K
  class space    used 22589K, committed 23360K, reserved 1048576K
}
Event: 4130.848 GC heap before
{Heap before GC invocations=104 (full 0):
 garbage-first heap   total 454656K, used 451309K [0x00000000a0000000, 0x0000000100000000)
  region size 1024K, 185 young (189440K), 2 survivors (2048K)
 Metaspace       used 174762K, committed 176320K, reserved 1245184K
  class space    used 22593K, committed 23360K, reserved 1048576K
}
Event: 4130.870 GC heap after
{Heap after GC invocations=105 (full 0):
 garbage-first heap   total 471040K, used 203672K [0x00000000a0000000, 0x0000000100000000)
  region size 1024K, 6 young (6144K), 6 survivors (6144K)
 Metaspace       used 174762K, committed 176320K, reserved 1245184K
  class space    used 22593K, committed 23360K, reserved 1048576K
}
Event: 4164.629 GC heap before
{Heap before GC invocations=105 (full 0):
 garbage-first heap   total 471040K, used 441240K [0x00000000a0000000, 0x0000000100000000)
  region size 1024K, 238 young (243712K), 6 survivors (6144K)
 Metaspace       used 175164K, committed 176768K, reserved 1245184K
  class space    used 22602K, committed 23424K, reserved 1048576K
}
Event: 4164.657 GC heap after
{Heap after GC invocations=106 (full 0):
 garbage-first heap   total 471040K, used 199268K [0x00000000a0000000, 0x0000000100000000)
  region size 1024K, 12 young (12288K), 12 survivors (12288K)
 Metaspace       used 175164K, committed 176768K, reserved 1245184K
  class space    used 22602K, committed 23424K, reserved 1048576K
}
Event: 4164.949 GC heap before
{Heap before GC invocations=106 (full 0):
 garbage-first heap   total 471040K, used 224868K [0x00000000a0000000, 0x0000000100000000)
  region size 1024K, 39 young (39936K), 12 survivors (12288K)
 Metaspace       used 175178K, committed 176768K, reserved 1245184K
  class space    used 22602K, committed 23424K, reserved 1048576K
}
Event: 4164.963 GC heap after
{Heap after GC invocations=107 (full 0):
 garbage-first heap   total 471040K, used 207276K [0x00000000a0000000, 0x0000000100000000)
  region size 1024K, 20 young (20480K), 20 survivors (20480K)
 Metaspace       used 175178K, committed 176768K, reserved 1245184K
  class space    used 22602K, committed 23424K, reserved 1048576K
}
Event: 4167.530 GC heap before
{Heap before GC invocations=108 (full 0):
 garbage-first heap   total 471040K, used 418220K [0x00000000a0000000, 0x0000000100000000)
  region size 1024K, 211 young (216064K), 20 survivors (20480K)
 Metaspace       used 175044K, committed 176640K, reserved 1245184K
  class space    used 22581K, committed 23424K, reserved 1048576K
}
Event: 4167.548 GC heap after
{Heap after GC invocations=109 (full 0):
 garbage-first heap   total 471040K, used 192398K [0x00000000a0000000, 0x0000000100000000)
  region size 1024K, 9 young (9216K), 9 survivors (9216K)
 Metaspace       used 175044K, committed 176640K, reserved 1245184K
  class space    used 22581K, committed 23424K, reserved 1048576K
}
Event: 4169.389 GC heap before
{Heap before GC invocations=109 (full 0):
 garbage-first heap   total 471040K, used 449422K [0x00000000a0000000, 0x0000000100000000)
  region size 1024K, 220 young (225280K), 9 survivors (9216K)
 Metaspace       used 175234K, committed 176832K, reserved 1245184K
  class space    used 22581K, committed 23424K, reserved 1048576K
}
Event: 4169.464 GC heap after
{Heap after GC invocations=110 (full 0):
 garbage-first heap   total 518144K, used 247808K [0x00000000a0000000, 0x0000000100000000)
  region size 1024K, 28 young (28672K), 28 survivors (28672K)
 Metaspace       used 175234K, committed 176832K, reserved 1245184K
  class space    used 22581K, committed 23424K, reserved 1048576K
}

