# JRE version: OpenJDK Runtime Environment (21.0.5) (build 21.0.5+-13047016-b750.29)
# Java VM: OpenJDK 64-Bit Server VM (21.0.5+-13047016-b750.29, mixed mode, tiered, compressed oops, compressed class ptrs, g1 gc, windows-amd64)
GC Precious Log:
 CardTable entry size: 512
 Card Set container configuration: InlinePtr #cards 5 size 8 Array Of Cards #cards 12 size 40 Howl #buckets 4 coarsen threshold 1843 Howl Bitmap #cards 512 size 80 coarsen threshold 460 Card regions per heap region 1 cards per card region 2048
 CPUs: 4 total, 4 available
 Memory: 7991M
 Large Page Support: Disabled
 NUMA Support: Disabled
 Compressed Oops: Enabled (32-bit)
 Heap Region Size: 1M
 Heap Min Capacity: 8M
 Heap Initial Capacity: 126M
 Heap Max Capacity: 1536M
 Pre-touch: Disabled
 Parallel Workers: 4
 Concurrent Workers: 1
 Concurrent Refinement Workers: 4
 Periodic GC: Disabled
Heap:
 garbage-first heap   total 286720K, used 263998K [0x00000000a0000000, 0x0000000100000000)
  region size 1024K, 84 young (86016K), 7 survivors (7168K)
 Metaspace       used 182944K, committed 185664K, reserved 1245184K
  class space    used 23730K, committed 25088K, reserved 1048576K
GC Heap History (20 events):
Event: 13.799 GC heap before
{Heap before GC invocations=45 (full 0):
 garbage-first heap   total 234496K, used 197632K [0x00000000a0000000, 0x0000000100000000)
  region size 1024K, 62 young (63488K), 6 survivors (6144K)
 Metaspace       used 126951K, committed 129344K, reserved 1179648K
  class space    used 16898K, committed 18112K, reserved 1048576K
}
Event: 13.811 GC heap after
{Heap after GC invocations=46 (full 0):
 garbage-first heap   total 234496K, used 143547K [0x00000000a0000000, 0x0000000100000000)
  region size 1024K, 7 young (7168K), 7 survivors (7168K)
 Metaspace       used 126951K, committed 129344K, reserved 1179648K
  class space    used 16898K, committed 18112K, reserved 1048576K
}
Event: 18.456 GC heap before
{Heap before GC invocations=46 (full 0):
 garbage-first heap   total 234496K, used 211131K [0x00000000a0000000, 0x0000000100000000)
  region size 1024K, 73 young (74752K), 7 survivors (7168K)
 Metaspace       used 129997K, committed 132352K, reserved 1179648K
  class space    used 17205K, committed 18368K, reserved 1048576K
}
Event: 18.470 GC heap after
{Heap after GC invocations=47 (full 0):
 garbage-first heap   total 234496K, used 148394K [0x00000000a0000000, 0x0000000100000000)
  region size 1024K, 10 young (10240K), 10 survivors (10240K)
 Metaspace       used 129997K, committed 132352K, reserved 1179648K
  class space    used 17205K, committed 18368K, reserved 1048576K
}
Event: 19.657 GC heap before
{Heap before GC invocations=47 (full 0):
 garbage-first heap   total 234496K, used 210858K [0x00000000a0000000, 0x0000000100000000)
  region size 1024K, 72 young (73728K), 10 survivors (10240K)
 Metaspace       used 137742K, committed 140160K, reserved 1179648K
  class space    used 18043K, committed 19264K, reserved 1048576K
}
Event: 19.672 GC heap after
{Heap after GC invocations=48 (full 0):
 garbage-first heap   total 234496K, used 153516K [0x00000000a0000000, 0x0000000100000000)
  region size 1024K, 5 young (5120K), 5 survivors (5120K)
 Metaspace       used 137742K, committed 140160K, reserved 1179648K
  class space    used 18043K, committed 19264K, reserved 1048576K
}
Event: 20.717 GC heap before
{Heap before GC invocations=49 (full 0):
 garbage-first heap   total 256000K, used 214956K [0x00000000a0000000, 0x0000000100000000)
  region size 1024K, 66 young (67584K), 5 survivors (5120K)
 Metaspace       used 148338K, committed 150784K, reserved 1179648K
  class space    used 18995K, committed 20224K, reserved 1048576K
}
Event: 20.726 GC heap after
{Heap after GC invocations=50 (full 0):
 garbage-first heap   total 256000K, used 156672K [0x00000000a0000000, 0x0000000100000000)
  region size 1024K, 3 young (3072K), 3 survivors (3072K)
 Metaspace       used 148338K, committed 150784K, reserved 1179648K
  class space    used 18995K, committed 20224K, reserved 1048576K
}
Event: 22.137 GC heap before
{Heap before GC invocations=50 (full 0):
 garbage-first heap   total 256000K, used 235520K [0x00000000a0000000, 0x0000000100000000)
  region size 1024K, 79 young (80896K), 3 survivors (3072K)
 Metaspace       used 155482K, committed 157952K, reserved 1245184K
  class space    used 19957K, committed 21184K, reserved 1048576K
}
Event: 22.146 GC heap after
{Heap after GC invocations=51 (full 0):
 garbage-first heap   total 256000K, used 159209K [0x00000000a0000000, 0x0000000100000000)
  region size 1024K, 6 young (6144K), 6 survivors (6144K)
 Metaspace       used 155482K, committed 157952K, reserved 1245184K
  class space    used 19957K, committed 21184K, reserved 1048576K
}
Event: 23.086 GC heap before
{Heap before GC invocations=51 (full 0):
 garbage-first heap   total 256000K, used 236009K [0x00000000a0000000, 0x0000000100000000)
  region size 1024K, 81 young (82944K), 6 survivors (6144K)
 Metaspace       used 161222K, committed 163776K, reserved 1245184K
  class space    used 20879K, committed 22144K, reserved 1048576K
}
Event: 23.099 GC heap after
{Heap after GC invocations=52 (full 0):
 garbage-first heap   total 256000K, used 162861K [0x00000000a0000000, 0x0000000100000000)
  region size 1024K, 10 young (10240K), 10 survivors (10240K)
 Metaspace       used 161222K, committed 163776K, reserved 1245184K
  class space    used 20879K, committed 22144K, reserved 1048576K
}
Event: 33.201 GC heap before
{Heap before GC invocations=53 (full 0):
 garbage-first heap   total 273408K, used 229421K [0x00000000a0000000, 0x0000000100000000)
  region size 1024K, 76 young (77824K), 10 survivors (10240K)
 Metaspace       used 164283K, committed 166912K, reserved 1245184K
  class space    used 21414K, committed 22720K, reserved 1048576K
}
Event: 33.217 GC heap after
{Heap after GC invocations=54 (full 0):
 garbage-first heap   total 273408K, used 159383K [0x00000000a0000000, 0x0000000100000000)
  region size 1024K, 8 young (8192K), 8 survivors (8192K)
 Metaspace       used 164283K, committed 166912K, reserved 1245184K
  class space    used 21414K, committed 22720K, reserved 1048576K
}
Event: 34.346 GC heap before
{Heap before GC invocations=54 (full 0):
 garbage-first heap   total 273408K, used 248471K [0x00000000a0000000, 0x0000000100000000)
  region size 1024K, 96 young (98304K), 8 survivors (8192K)
 Metaspace       used 168830K, committed 171584K, reserved 1245184K
  class space    used 22045K, committed 23424K, reserved 1048576K
}
Event: 34.364 GC heap after
{Heap after GC invocations=55 (full 0):
 garbage-first heap   total 273408K, used 164864K [0x00000000a0000000, 0x0000000100000000)
  region size 1024K, 11 young (11264K), 11 survivors (11264K)
 Metaspace       used 168830K, committed 171584K, reserved 1245184K
  class space    used 22045K, committed 23424K, reserved 1048576K
}
Event: 36.104 GC heap before
{Heap before GC invocations=55 (full 0):
 garbage-first heap   total 273408K, used 246784K [0x00000000a0000000, 0x0000000100000000)
  region size 1024K, 92 young (94208K), 11 survivors (11264K)
 Metaspace       used 177907K, committed 180608K, reserved 1245184K
  class space    used 23224K, committed 24576K, reserved 1048576K
}
Event: 36.124 GC heap after
{Heap after GC invocations=56 (full 0):
 garbage-first heap   total 273408K, used 173023K [0x00000000a0000000, 0x0000000100000000)
  region size 1024K, 8 young (8192K), 8 survivors (8192K)
 Metaspace       used 177907K, committed 180608K, reserved 1245184K
  class space    used 23224K, committed 24576K, reserved 1048576K
}
Event: 38.102 GC heap before
{Heap before GC invocations=57 (full 0):
 garbage-first heap   total 286720K, used 253919K [0x00000000a0000000, 0x0000000100000000)
  region size 1024K, 84 young (86016K), 8 survivors (8192K)
 Metaspace       used 181215K, committed 183936K, reserved 1245184K
  class space    used 23568K, committed 24960K, reserved 1048576K
}
Event: 38.124 GC heap after
{Heap after GC invocations=58 (full 0):
 garbage-first heap   total 286720K, used 177982K [0x00000000a0000000, 0x0000000100000000)
  region size 1024K, 7 young (7168K), 7 survivors (7168K)
 Metaspace       used 181215K, committed 183936K, reserved 1245184K
  class space    used 23568K, committed 24960K, reserved 1048576K
}

