# JRE version: OpenJDK Runtime Environment (21.0.5) (build 21.0.5+-13047016-b750.29)
# Java VM: OpenJDK 64-Bit Server VM (21.0.5+-13047016-b750.29, mixed mode, tiered, compressed oops, compressed class ptrs, g1 gc, windows-amd64)
GC Precious Log:
 CardTable entry size: 512
 Card Set container configuration: InlinePtr #cards 5 size 8 Array Of Cards #cards 12 size 40 Howl #buckets 4 coarsen threshold 1843 Howl Bitmap #cards 512 size 80 coarsen threshold 460 Card regions per heap region 1 cards per card region 2048
 CPUs: 4 total, 4 available
 Memory: 7991M
 Large Page Support: Disabled
 NUMA Support: Disabled
 Compressed Oops: Enabled (32-bit)
 Heap Region Size: 1M
 Heap Min Capacity: 8M
 Heap Initial Capacity: 126M
 Heap Max Capacity: 1536M
 Pre-touch: Disabled
 Parallel Workers: 4
 Concurrent Workers: 1
 Concurrent Refinement Workers: 4
 Periodic GC: Disabled
Heap:
 garbage-first heap   total 307200K, used 257828K [0x00000000a0000000, 0x0000000100000000)
  region size 1024K, 75 young (76800K), 5 survivors (5120K)
 Metaspace       used 141937K, committed 144448K, reserved 1179648K
  class space    used 18881K, committed 20160K, reserved 1048576K
GC Heap History (20 events):
Event: 36.464 GC heap before
{Heap before GC invocations=51 (full 0):
 garbage-first heap   total 220160K, used 199680K [0x00000000a0000000, 0x0000000100000000)
  region size 1024K, 53 young (54272K), 8 survivors (8192K)
 Metaspace       used 110774K, committed 113024K, reserved 1179648K
  class space    used 15147K, committed 16256K, reserved 1048576K
}
Event: 36.474 GC heap after
{Heap after GC invocations=52 (full 0):
 garbage-first heap   total 220160K, used 155215K [0x00000000a0000000, 0x0000000100000000)
  region size 1024K, 4 young (4096K), 4 survivors (4096K)
 Metaspace       used 110774K, committed 113024K, reserved 1179648K
  class space    used 15147K, committed 16256K, reserved 1048576K
}
Event: 36.986 GC heap before
{Heap before GC invocations=52 (full 0):
 garbage-first heap   total 220160K, used 203343K [0x00000000a0000000, 0x0000000100000000)
  region size 1024K, 51 young (52224K), 4 survivors (4096K)
 Metaspace       used 110776K, committed 113024K, reserved 1179648K
  class space    used 15147K, committed 16256K, reserved 1048576K
}
Event: 36.993 GC heap after
{Heap after GC invocations=53 (full 0):
 garbage-first heap   total 220160K, used 156468K [0x00000000a0000000, 0x0000000100000000)
  region size 1024K, 5 young (5120K), 5 survivors (5120K)
 Metaspace       used 110776K, committed 113024K, reserved 1179648K
  class space    used 15147K, committed 16256K, reserved 1048576K
}
Event: 37.357 GC heap before
{Heap before GC invocations=54 (full 0):
 garbage-first heap   total 261120K, used 200500K [0x00000000a0000000, 0x0000000100000000)
  region size 1024K, 48 young (49152K), 5 survivors (5120K)
 Metaspace       used 110776K, committed 113024K, reserved 1179648K
  class space    used 15147K, committed 16256K, reserved 1048576K
}
Event: 37.363 GC heap after
{Heap after GC invocations=55 (full 0):
 garbage-first heap   total 261120K, used 158023K [0x00000000a0000000, 0x0000000100000000)
  region size 1024K, 4 young (4096K), 4 survivors (4096K)
 Metaspace       used 110776K, committed 113024K, reserved 1179648K
  class space    used 15147K, committed 16256K, reserved 1048576K
}
Event: 37.844 GC heap before
{Heap before GC invocations=55 (full 0):
 garbage-first heap   total 261120K, used 234823K [0x00000000a0000000, 0x0000000100000000)
  region size 1024K, 79 young (80896K), 4 survivors (4096K)
 Metaspace       used 110776K, committed 113024K, reserved 1179648K
  class space    used 15147K, committed 16256K, reserved 1048576K
}
Event: 37.852 GC heap after
{Heap after GC invocations=56 (full 0):
 garbage-first heap   total 261120K, used 159050K [0x00000000a0000000, 0x0000000100000000)
  region size 1024K, 7 young (7168K), 7 survivors (7168K)
 Metaspace       used 110776K, committed 113024K, reserved 1179648K
  class space    used 15147K, committed 16256K, reserved 1048576K
}
Event: 38.405 GC heap before
{Heap before GC invocations=56 (full 0):
 garbage-first heap   total 261120K, used 220490K [0x00000000a0000000, 0x0000000100000000)
  region size 1024K, 69 young (70656K), 7 survivors (7168K)
 Metaspace       used 111707K, committed 114048K, reserved 1179648K
  class space    used 15234K, committed 16384K, reserved 1048576K
}
Event: 38.413 GC heap after
{Heap after GC invocations=57 (full 0):
 garbage-first heap   total 261120K, used 162065K [0x00000000a0000000, 0x0000000100000000)
  region size 1024K, 8 young (8192K), 8 survivors (8192K)
 Metaspace       used 111707K, committed 114048K, reserved 1179648K
  class space    used 15234K, committed 16384K, reserved 1048576K
}
Event: 39.937 GC heap before
{Heap before GC invocations=58 (full 0):
 garbage-first heap   total 275456K, used 238865K [0x00000000a0000000, 0x0000000100000000)
  region size 1024K, 82 young (83968K), 8 survivors (8192K)
 Metaspace       used 120334K, committed 122752K, reserved 1179648K
  class space    used 16347K, committed 17536K, reserved 1048576K
}
Event: 39.948 GC heap after
{Heap after GC invocations=59 (full 0):
 garbage-first heap   total 275456K, used 164594K [0x00000000a0000000, 0x0000000100000000)
  region size 1024K, 8 young (8192K), 8 survivors (8192K)
 Metaspace       used 120334K, committed 122752K, reserved 1179648K
  class space    used 16347K, committed 17536K, reserved 1048576K
}
Event: 42.323 GC heap before
{Heap before GC invocations=59 (full 0):
 garbage-first heap   total 275456K, used 256754K [0x00000000a0000000, 0x0000000100000000)
  region size 1024K, 94 young (96256K), 8 survivors (8192K)
 Metaspace       used 125661K, committed 128000K, reserved 1179648K
  class space    used 16872K, committed 18048K, reserved 1048576K
}
Event: 42.339 GC heap after
{Heap after GC invocations=60 (full 0):
 garbage-first heap   total 275456K, used 169635K [0x00000000a0000000, 0x0000000100000000)
  region size 1024K, 11 young (11264K), 11 survivors (11264K)
 Metaspace       used 125661K, committed 128000K, reserved 1179648K
  class space    used 16872K, committed 18048K, reserved 1048576K
}
Event: 44.472 GC heap before
{Heap before GC invocations=60 (full 0):
 garbage-first heap   total 275456K, used 248483K [0x00000000a0000000, 0x0000000100000000)
  region size 1024K, 89 young (91136K), 11 survivors (11264K)
 Metaspace       used 133280K, committed 135744K, reserved 1179648K
  class space    used 17827K, committed 19072K, reserved 1048576K
}
Event: 44.490 GC heap after
{Heap after GC invocations=61 (full 0):
 garbage-first heap   total 275456K, used 176289K [0x00000000a0000000, 0x0000000100000000)
  region size 1024K, 10 young (10240K), 10 survivors (10240K)
 Metaspace       used 133280K, committed 135744K, reserved 1179648K
  class space    used 17827K, committed 19072K, reserved 1048576K
}
Event: 50.160 GC heap before
{Heap before GC invocations=61 (full 0):
 garbage-first heap   total 275456K, used 248993K [0x00000000a0000000, 0x0000000100000000)
  region size 1024K, 82 young (83968K), 10 survivors (10240K)
 Metaspace       used 138481K, committed 140992K, reserved 1179648K
  class space    used 18431K, committed 19712K, reserved 1048576K
}
Event: 50.172 GC heap after
{Heap after GC invocations=62 (full 0):
 garbage-first heap   total 275456K, used 183515K [0x00000000a0000000, 0x0000000100000000)
  region size 1024K, 8 young (8192K), 8 survivors (8192K)
 Metaspace       used 138481K, committed 140992K, reserved 1179648K
  class space    used 18431K, committed 19712K, reserved 1048576K
}
Event: 171.608 GC heap before
{Heap before GC invocations=63 (full 0):
 garbage-first heap   total 307200K, used 250075K [0x00000000a0000000, 0x0000000100000000)
  region size 1024K, 74 young (75776K), 8 survivors (8192K)
 Metaspace       used 138999K, committed 141568K, reserved 1179648K
  class space    used 18487K, committed 19776K, reserved 1048576K
}
Event: 171.636 GC heap after
{Heap after GC invocations=64 (full 0):
 garbage-first heap   total 307200K, used 188196K [0x00000000a0000000, 0x0000000100000000)
  region size 1024K, 5 young (5120K), 5 survivors (5120K)
 Metaspace       used 138999K, committed 141568K, reserved 1179648K
  class space    used 18487K, committed 19776K, reserved 1048576K
}

